2020-02-11 19:55:16 INFO  Version:46 - HHH000412: Hibernate Core {5.4.10.Final}
2020-02-11 19:55:16 INFO  Version:49 - HCANN000001: Hibernate Commons Annotations {5.1.0.Final}
2020-02-11 19:55:19 WARN  JdbcEnvironmentInitiator:132 - HHH000342: Could not obtain connection to query metadata : FATAL: database "raphael-db" does not exist
2020-02-11 19:55:19 INFO  Dialect:172 - HHH000400: Using dialect: org.hibernate.dialect.PostgreSQLDialect
2020-02-11 19:55:19 INFO  Version:21 - HV000001: Hibernate Validator 6.0.17.Final
2020-02-11 19:55:20 WARN  SqlExceptionHelper:137 - SQL Error: 0, SQLState: 3D000
2020-02-11 19:55:20 ERROR SqlExceptionHelper:142 - FATAL: database "raphael-db" does not exist
2020-02-11 19:55:20 WARN  JdbcEnvironmentInitiator:132 - HHH000342: Could not obtain connection to query metadata : FATAL: database "raphael-db" does not exist
2020-02-11 19:55:20 INFO  Dialect:172 - HHH000400: Using dialect: org.hibernate.dialect.PostgreSQLDialect
2020-02-11 19:55:21 WARN  SqlExceptionHelper:137 - SQL Error: 0, SQLState: 3D000
2020-02-11 19:55:21 ERROR SqlExceptionHelper:142 - FATAL: database "raphael-db" does not exist
2020-02-11 19:55:21 WARN  JdbcEnvironmentInitiator:132 - HHH000342: Could not obtain connection to query metadata : FATAL: database "raphael-db" does not exist
2020-02-11 19:55:21 INFO  Dialect:172 - HHH000400: Using dialect: org.hibernate.dialect.PostgreSQLDialect
2020-02-11 19:55:21 WARN  SqlExceptionHelper:137 - SQL Error: 0, SQLState: 3D000
2020-02-11 19:55:21 ERROR SqlExceptionHelper:142 - FATAL: database "raphael-db" does not exist
2020-02-11 19:55:22 WARN  JdbcEnvironmentInitiator:132 - HHH000342: Could not obtain connection to query metadata : FATAL: database "raphael-db" does not exist
2020-02-11 19:55:22 INFO  Dialect:172 - HHH000400: Using dialect: org.hibernate.dialect.PostgreSQLDialect
2020-02-11 19:55:22 WARN  SqlExceptionHelper:137 - SQL Error: 0, SQLState: 3D000
2020-02-11 19:55:22 ERROR SqlExceptionHelper:142 - FATAL: database "raphael-db" does not exist
2020-02-11 19:55:22 WARN  JdbcEnvironmentInitiator:132 - HHH000342: Could not obtain connection to query metadata : FATAL: database "raphael-db" does not exist
2020-02-11 19:55:22 INFO  Dialect:172 - HHH000400: Using dialect: org.hibernate.dialect.PostgreSQLDialect
2020-02-11 19:55:23 WARN  SqlExceptionHelper:137 - SQL Error: 0, SQLState: 3D000
2020-02-11 19:55:23 ERROR SqlExceptionHelper:142 - FATAL: database "raphael-db" does not exist
2020-02-11 19:55:23 WARN  JdbcEnvironmentInitiator:132 - HHH000342: Could not obtain connection to query metadata : FATAL: database "raphael-db" does not exist
2020-02-11 19:55:23 INFO  Dialect:172 - HHH000400: Using dialect: org.hibernate.dialect.PostgreSQLDialect
2020-02-11 19:55:24 WARN  SqlExceptionHelper:137 - SQL Error: 0, SQLState: 3D000
2020-02-11 19:55:24 ERROR SqlExceptionHelper:142 - FATAL: database "raphael-db" does not exist
2020-02-11 19:55:24 WARN  JdbcEnvironmentInitiator:132 - HHH000342: Could not obtain connection to query metadata : FATAL: database "raphael-db" does not exist
2020-02-11 19:55:24 INFO  Dialect:172 - HHH000400: Using dialect: org.hibernate.dialect.PostgreSQLDialect
2020-02-11 19:55:24 WARN  SqlExceptionHelper:137 - SQL Error: 0, SQLState: 3D000
2020-02-11 19:55:24 ERROR SqlExceptionHelper:142 - FATAL: database "raphael-db" does not exist
2020-02-11 19:55:44 INFO  Version:46 - HHH000412: Hibernate Core {5.4.10.Final}
2020-02-11 19:55:44 INFO  Version:49 - HCANN000001: Hibernate Commons Annotations {5.1.0.Final}
2020-02-11 19:55:45 WARN  JdbcEnvironmentInitiator:132 - HHH000342: Could not obtain connection to query metadata : FATAL: database "raphael-db" does not exist
2020-02-11 19:55:45 INFO  Dialect:172 - HHH000400: Using dialect: org.hibernate.dialect.PostgreSQLDialect
2020-02-11 19:55:45 INFO  Version:21 - HV000001: Hibernate Validator 6.0.17.Final
2020-02-11 19:55:46 WARN  SqlExceptionHelper:137 - SQL Error: 0, SQLState: 3D000
2020-02-11 19:55:46 ERROR SqlExceptionHelper:142 - FATAL: database "raphael-db" does not exist
2020-02-11 20:00:37 INFO  Version:46 - HHH000412: Hibernate Core {5.4.10.Final}
2020-02-11 20:00:37 INFO  Version:49 - HCANN000001: Hibernate Commons Annotations {5.1.0.Final}
2020-02-11 20:00:40 WARN  JdbcEnvironmentInitiator:132 - HHH000342: Could not obtain connection to query metadata : FATAL: database "raphael-db" does not exist
2020-02-11 20:00:40 INFO  Dialect:172 - HHH000400: Using dialect: org.hibernate.dialect.PostgreSQLDialect
2020-02-11 20:00:40 INFO  Version:21 - HV000001: Hibernate Validator 6.0.17.Final
2020-02-11 20:00:41 WARN  SqlExceptionHelper:137 - SQL Error: 0, SQLState: 3D000
2020-02-11 20:00:41 ERROR SqlExceptionHelper:142 - FATAL: database "raphael-db" does not exist
2020-02-11 20:00:48 INFO  Version:46 - HHH000412: Hibernate Core {5.4.10.Final}
2020-02-11 20:00:48 INFO  Version:49 - HCANN000001: Hibernate Commons Annotations {5.1.0.Final}
2020-02-11 20:00:51 WARN  JdbcEnvironmentInitiator:132 - HHH000342: Could not obtain connection to query metadata : FATAL: database "raphael-db" does not exist
2020-02-11 20:00:51 INFO  Dialect:172 - HHH000400: Using dialect: org.hibernate.dialect.PostgreSQLDialect
2020-02-11 20:00:51 INFO  Version:21 - HV000001: Hibernate Validator 6.0.17.Final
2020-02-11 20:00:52 WARN  SqlExceptionHelper:137 - SQL Error: 0, SQLState: 3D000
2020-02-11 20:00:52 ERROR SqlExceptionHelper:142 - FATAL: database "raphael-db" does not exist
2020-02-11 20:02:37 INFO  Version:46 - HHH000412: Hibernate Core {5.4.10.Final}
2020-02-11 20:02:37 INFO  Version:49 - HCANN000001: Hibernate Commons Annotations {5.1.0.Final}
2020-02-11 20:02:41 WARN  JdbcEnvironmentInitiator:132 - HHH000342: Could not obtain connection to query metadata : FATAL: database "raphael-db" does not exist
2020-02-11 20:02:41 INFO  Dialect:172 - HHH000400: Using dialect: org.hibernate.dialect.PostgreSQLDialect
2020-02-11 20:02:42 INFO  Version:21 - HV000001: Hibernate Validator 6.0.17.Final
2020-02-11 20:02:42 WARN  SqlExceptionHelper:137 - SQL Error: 0, SQLState: 3D000
2020-02-11 20:02:42 ERROR SqlExceptionHelper:142 - FATAL: database "raphael-db" does not exist
2020-02-11 20:06:03 INFO  Version:46 - HHH000412: Hibernate Core {5.4.10.Final}
2020-02-11 20:06:03 INFO  Version:49 - HCANN000001: Hibernate Commons Annotations {5.1.0.Final}
2020-02-11 20:06:06 WARN  JdbcEnvironmentInitiator:132 - HHH000342: Could not obtain connection to query metadata : FATAL: database "raphael-db" does not exist
2020-02-11 20:06:06 INFO  Dialect:172 - HHH000400: Using dialect: org.hibernate.dialect.PostgreSQLDialect
2020-02-11 20:06:06 INFO  Version:21 - HV000001: Hibernate Validator 6.0.17.Final
2020-02-11 20:06:07 INFO  JtaPlatformInitiator:52 - HHH000490: Using JtaPlatform implementation: [org.hibernate.engine.transaction.jta.platform.internal.NoJtaPlatform]
2020-02-11 20:06:25 INFO  Version:46 - HHH000412: Hibernate Core {5.4.10.Final}
2020-02-11 20:06:25 INFO  Version:49 - HCANN000001: Hibernate Commons Annotations {5.1.0.Final}
2020-02-11 20:06:27 WARN  JdbcEnvironmentInitiator:132 - HHH000342: Could not obtain connection to query metadata : FATAL: database "raphael-db" does not exist
2020-02-11 20:06:27 INFO  Dialect:172 - HHH000400: Using dialect: org.hibernate.dialect.PostgreSQLDialect
2020-02-11 20:06:27 INFO  Version:21 - HV000001: Hibernate Validator 6.0.17.Final
2020-02-11 20:06:28 INFO  JtaPlatformInitiator:52 - HHH000490: Using JtaPlatform implementation: [org.hibernate.engine.transaction.jta.platform.internal.NoJtaPlatform]
2020-02-11 20:06:37 INFO  Version:46 - HHH000412: Hibernate Core {5.4.10.Final}
2020-02-11 20:06:37 INFO  Version:49 - HCANN000001: Hibernate Commons Annotations {5.1.0.Final}
2020-02-11 20:06:38 WARN  JdbcEnvironmentInitiator:132 - HHH000342: Could not obtain connection to query metadata : FATAL: database "raphael-db" does not exist
2020-02-11 20:06:38 INFO  Dialect:172 - HHH000400: Using dialect: org.hibernate.dialect.PostgreSQLDialect
2020-02-11 20:06:39 INFO  Version:21 - HV000001: Hibernate Validator 6.0.17.Final
2020-02-11 20:06:39 INFO  JtaPlatformInitiator:52 - HHH000490: Using JtaPlatform implementation: [org.hibernate.engine.transaction.jta.platform.internal.NoJtaPlatform]
2020-02-11 20:06:52 INFO  Version:46 - HHH000412: Hibernate Core {5.4.10.Final}
2020-02-11 20:06:52 INFO  Version:49 - HCANN000001: Hibernate Commons Annotations {5.1.0.Final}
2020-02-11 20:06:53 WARN  JdbcEnvironmentInitiator:132 - HHH000342: Could not obtain connection to query metadata : FATAL: database "raphael-db" does not exist
2020-02-11 20:06:53 INFO  Dialect:172 - HHH000400: Using dialect: org.hibernate.dialect.PostgreSQLDialect
2020-02-11 20:06:53 INFO  Version:21 - HV000001: Hibernate Validator 6.0.17.Final
2020-02-11 20:06:54 INFO  JtaPlatformInitiator:52 - HHH000490: Using JtaPlatform implementation: [org.hibernate.engine.transaction.jta.platform.internal.NoJtaPlatform]
2020-02-11 20:10:27 INFO  Version:46 - HHH000412: Hibernate Core {5.4.10.Final}
2020-02-11 20:10:27 INFO  Version:49 - HCANN000001: Hibernate Commons Annotations {5.1.0.Final}
2020-02-11 20:10:31 WARN  JdbcEnvironmentInitiator:132 - HHH000342: Could not obtain connection to query metadata : FATAL: database "raphael-db" does not exist
2020-02-11 20:10:31 INFO  Dialect:172 - HHH000400: Using dialect: org.hibernate.dialect.PostgreSQLDialect
2020-02-11 20:10:31 INFO  Version:21 - HV000001: Hibernate Validator 6.0.17.Final
2020-02-11 20:10:32 INFO  JtaPlatformInitiator:52 - HHH000490: Using JtaPlatform implementation: [org.hibernate.engine.transaction.jta.platform.internal.NoJtaPlatform]
2020-02-11 20:12:38 INFO  Version:46 - HHH000412: Hibernate Core {5.4.10.Final}
2020-02-11 20:12:39 INFO  Version:49 - HCANN000001: Hibernate Commons Annotations {5.1.0.Final}
2020-02-11 20:12:41 WARN  JdbcEnvironmentInitiator:132 - HHH000342: Could not obtain connection to query metadata : FATAL: database "raphael-db" does not exist
2020-02-11 20:12:41 INFO  Dialect:172 - HHH000400: Using dialect: org.hibernate.dialect.PostgreSQLDialect
2020-02-11 20:12:41 INFO  Version:21 - HV000001: Hibernate Validator 6.0.17.Final
2020-02-11 20:12:42 INFO  JtaPlatformInitiator:52 - HHH000490: Using JtaPlatform implementation: [org.hibernate.engine.transaction.jta.platform.internal.NoJtaPlatform]
2020-02-11 20:13:01 INFO  Version:46 - HHH000412: Hibernate Core {5.4.10.Final}
2020-02-11 20:13:01 INFO  Version:49 - HCANN000001: Hibernate Commons Annotations {5.1.0.Final}
2020-02-11 20:13:02 WARN  JdbcEnvironmentInitiator:132 - HHH000342: Could not obtain connection to query metadata : FATAL: database "raphael-db" does not exist
2020-02-11 20:13:02 INFO  Dialect:172 - HHH000400: Using dialect: org.hibernate.dialect.PostgreSQLDialect
2020-02-11 20:13:02 INFO  Version:21 - HV000001: Hibernate Validator 6.0.17.Final
2020-02-11 20:13:03 INFO  JtaPlatformInitiator:52 - HHH000490: Using JtaPlatform implementation: [org.hibernate.engine.transaction.jta.platform.internal.NoJtaPlatform]
2020-02-11 20:13:49 INFO  Version:46 - HHH000412: Hibernate Core {5.4.10.Final}
2020-02-11 20:13:49 INFO  Version:49 - HCANN000001: Hibernate Commons Annotations {5.1.0.Final}
2020-02-11 20:13:52 WARN  JdbcEnvironmentInitiator:132 - HHH000342: Could not obtain connection to query metadata : FATAL: database "raphael-db" does not exist
2020-02-11 20:13:52 INFO  Dialect:172 - HHH000400: Using dialect: org.hibernate.dialect.PostgreSQLDialect
2020-02-11 20:13:53 INFO  Version:21 - HV000001: Hibernate Validator 6.0.17.Final
2020-02-11 20:13:53 INFO  JtaPlatformInitiator:52 - HHH000490: Using JtaPlatform implementation: [org.hibernate.engine.transaction.jta.platform.internal.NoJtaPlatform]
2020-02-11 20:14:27 INFO  Version:46 - HHH000412: Hibernate Core {5.4.10.Final}
2020-02-11 20:14:28 INFO  Version:49 - HCANN000001: Hibernate Commons Annotations {5.1.0.Final}
2020-02-11 20:14:31 WARN  JdbcEnvironmentInitiator:132 - HHH000342: Could not obtain connection to query metadata : FATAL: database "raphael-db" does not exist
2020-02-11 20:14:31 INFO  Dialect:172 - HHH000400: Using dialect: org.hibernate.dialect.PostgreSQLDialect
2020-02-11 20:14:31 INFO  Version:21 - HV000001: Hibernate Validator 6.0.17.Final
2020-02-11 20:14:32 INFO  JtaPlatformInitiator:52 - HHH000490: Using JtaPlatform implementation: [org.hibernate.engine.transaction.jta.platform.internal.NoJtaPlatform]
2020-02-11 20:15:48 INFO  Version:46 - HHH000412: Hibernate Core {5.4.10.Final}
2020-02-11 20:15:48 INFO  Version:49 - HCANN000001: Hibernate Commons Annotations {5.1.0.Final}
2020-02-11 20:15:52 WARN  JdbcEnvironmentInitiator:132 - HHH000342: Could not obtain connection to query metadata : FATAL: database "raphael-db" does not exist
2020-02-11 20:15:52 INFO  Dialect:172 - HHH000400: Using dialect: org.hibernate.dialect.PostgreSQLDialect
2020-02-11 20:15:52 INFO  Version:21 - HV000001: Hibernate Validator 6.0.17.Final
2020-02-11 20:15:53 INFO  JtaPlatformInitiator:52 - HHH000490: Using JtaPlatform implementation: [org.hibernate.engine.transaction.jta.platform.internal.NoJtaPlatform]
2020-02-11 20:16:00 INFO  Version:46 - HHH000412: Hibernate Core {5.4.10.Final}
2020-02-11 20:16:00 INFO  Version:49 - HCANN000001: Hibernate Commons Annotations {5.1.0.Final}
2020-02-11 20:16:03 WARN  JdbcEnvironmentInitiator:132 - HHH000342: Could not obtain connection to query metadata : FATAL: database "raphael-db" does not exist
2020-02-11 20:16:03 INFO  Dialect:172 - HHH000400: Using dialect: org.hibernate.dialect.PostgreSQLDialect
2020-02-11 20:16:04 INFO  Version:21 - HV000001: Hibernate Validator 6.0.17.Final
2020-02-11 20:16:04 INFO  JtaPlatformInitiator:52 - HHH000490: Using JtaPlatform implementation: [org.hibernate.engine.transaction.jta.platform.internal.NoJtaPlatform]
2020-02-11 20:16:33 INFO  Version:46 - HHH000412: Hibernate Core {5.4.10.Final}
2020-02-11 20:16:33 INFO  Version:49 - HCANN000001: Hibernate Commons Annotations {5.1.0.Final}
2020-02-11 20:16:35 WARN  JdbcEnvironmentInitiator:132 - HHH000342: Could not obtain connection to query metadata : FATAL: database "raphael-db" does not exist
2020-02-11 20:16:35 INFO  Dialect:172 - HHH000400: Using dialect: org.hibernate.dialect.PostgreSQLDialect
2020-02-11 20:16:36 INFO  Version:21 - HV000001: Hibernate Validator 6.0.17.Final
2020-02-11 20:16:36 INFO  JtaPlatformInitiator:52 - HHH000490: Using JtaPlatform implementation: [org.hibernate.engine.transaction.jta.platform.internal.NoJtaPlatform]
2020-02-11 20:25:56 INFO  Version:46 - HHH000412: Hibernate Core {5.4.10.Final}
2020-02-11 20:25:57 INFO  Version:49 - HCANN000001: Hibernate Commons Annotations {5.1.0.Final}
2020-02-11 20:26:00 WARN  JdbcEnvironmentInitiator:132 - HHH000342: Could not obtain connection to query metadata : FATAL: database "raphael-db" does not exist
2020-02-11 20:26:00 INFO  Dialect:172 - HHH000400: Using dialect: org.hibernate.dialect.PostgreSQLDialect
2020-02-11 20:26:01 INFO  Version:21 - HV000001: Hibernate Validator 6.0.17.Final
2020-02-11 20:26:01 INFO  JtaPlatformInitiator:52 - HHH000490: Using JtaPlatform implementation: [org.hibernate.engine.transaction.jta.platform.internal.NoJtaPlatform]
2020-02-11 20:29:21 INFO  Version:46 - HHH000412: Hibernate Core {5.4.10.Final}
2020-02-11 20:29:21 INFO  Version:49 - HCANN000001: Hibernate Commons Annotations {5.1.0.Final}
2020-02-11 20:29:23 WARN  JdbcEnvironmentInitiator:132 - HHH000342: Could not obtain connection to query metadata : FATAL: database "raphael-db" does not exist
2020-02-11 20:29:23 INFO  Dialect:172 - HHH000400: Using dialect: org.hibernate.dialect.PostgreSQLDialect
2020-02-11 20:29:23 INFO  Version:21 - HV000001: Hibernate Validator 6.0.17.Final
2020-02-11 20:29:24 WARN  SqlExceptionHelper:137 - SQL Error: 0, SQLState: 3D000
2020-02-11 20:29:24 ERROR SqlExceptionHelper:142 - FATAL: database "raphael-db" does not exist
2020-02-11 20:31:16 INFO  Version:46 - HHH000412: Hibernate Core {5.4.10.Final}
2020-02-11 20:31:16 INFO  Version:49 - HCANN000001: Hibernate Commons Annotations {5.1.0.Final}
2020-02-11 20:31:17 WARN  JdbcEnvironmentInitiator:132 - HHH000342: Could not obtain connection to query metadata : FATAL: database "raphael-db" does not exist
2020-02-11 20:31:17 INFO  Dialect:172 - HHH000400: Using dialect: org.hibernate.dialect.PostgreSQLDialect
2020-02-11 20:33:03 INFO  Version:46 - HHH000412: Hibernate Core {5.4.10.Final}
2020-02-11 20:33:03 INFO  Version:49 - HCANN000001: Hibernate Commons Annotations {5.1.0.Final}
2020-02-11 20:33:04 WARN  JdbcEnvironmentInitiator:132 - HHH000342: Could not obtain connection to query metadata : FATAL: database "raphael-db" does not exist
2020-02-11 20:33:04 INFO  Dialect:172 - HHH000400: Using dialect: org.hibernate.dialect.PostgreSQLDialect
2020-02-11 20:33:04 INFO  Version:21 - HV000001: Hibernate Validator 6.0.17.Final
2020-02-11 20:33:05 WARN  SqlExceptionHelper:137 - SQL Error: 0, SQLState: 3D000
2020-02-11 20:33:05 ERROR SqlExceptionHelper:142 - FATAL: database "raphael-db" does not exist
2020-02-11 20:36:01 INFO  Version:46 - HHH000412: Hibernate Core {5.4.10.Final}
2020-02-11 20:36:01 INFO  Version:49 - HCANN000001: Hibernate Commons Annotations {5.1.0.Final}
2020-02-11 20:36:05 WARN  JdbcEnvironmentInitiator:132 - HHH000342: Could not obtain connection to query metadata : FATAL: database "raphael-db" does not exist
2020-02-11 20:36:05 INFO  Dialect:172 - HHH000400: Using dialect: org.hibernate.dialect.PostgreSQLDialect
2020-02-11 20:36:05 INFO  Version:21 - HV000001: Hibernate Validator 6.0.17.Final
2020-02-11 20:36:06 WARN  SqlExceptionHelper:137 - SQL Error: 0, SQLState: 3D000
2020-02-11 20:36:06 ERROR SqlExceptionHelper:142 - FATAL: database "raphael-db" does not exist
2020-02-11 20:39:59 INFO  Version:46 - HHH000412: Hibernate Core {5.4.10.Final}
2020-02-11 20:40:00 INFO  Version:49 - HCANN000001: Hibernate Commons Annotations {5.1.0.Final}
2020-02-11 20:40:01 WARN  JdbcEnvironmentInitiator:132 - HHH000342: Could not obtain connection to query metadata : FATAL: database "raphael-db" does not exist
2020-02-11 20:40:01 INFO  Dialect:172 - HHH000400: Using dialect: org.hibernate.dialect.PostgreSQLDialect
2020-02-11 20:40:01 INFO  Version:21 - HV000001: Hibernate Validator 6.0.17.Final
2020-02-11 20:40:02 WARN  SqlExceptionHelper:137 - SQL Error: 0, SQLState: 3D000
2020-02-11 20:40:02 ERROR SqlExceptionHelper:142 - FATAL: database "raphael-db" does not exist
2020-02-11 20:45:18 INFO  Version:46 - HHH000412: Hibernate Core {5.4.10.Final}
2020-02-11 20:45:18 INFO  Version:49 - HCANN000001: Hibernate Commons Annotations {5.1.0.Final}
2020-02-11 20:45:20 WARN  JdbcEnvironmentInitiator:132 - HHH000342: Could not obtain connection to query metadata : FATAL: database "raphael-db" does not exist
2020-02-11 20:45:20 INFO  Dialect:172 - HHH000400: Using dialect: org.hibernate.dialect.PostgreSQLDialect
2020-02-11 20:45:20 INFO  Version:21 - HV000001: Hibernate Validator 6.0.17.Final
2020-02-11 20:45:21 WARN  SqlExceptionHelper:137 - SQL Error: 0, SQLState: 3D000
2020-02-11 20:45:21 ERROR SqlExceptionHelper:142 - FATAL: database "raphael-db" does not exist
2020-02-11 20:46:55 INFO  Version:46 - HHH000412: Hibernate Core {5.4.10.Final}
2020-02-11 20:46:55 INFO  Version:49 - HCANN000001: Hibernate Commons Annotations {5.1.0.Final}
2020-02-11 20:46:57 INFO  Dialect:172 - HHH000400: Using dialect: org.hibernate.dialect.PostgreSQLDialect
2020-02-11 20:47:03 INFO  Version:21 - HV000001: Hibernate Validator 6.0.17.Final
2020-02-11 20:47:04 WARN  SqlExceptionHelper:230 - SQL Warning Code: 0, SQLState: 00000
2020-02-11 20:47:04 WARN  SqlExceptionHelper:231 - table "users" does not exist, skipping
2020-02-11 20:47:04 INFO  JtaPlatformInitiator:52 - HHH000490: Using JtaPlatform implementation: [org.hibernate.engine.transaction.jta.platform.internal.NoJtaPlatform]
2020-02-11 20:48:26 INFO  Version:46 - HHH000412: Hibernate Core {5.4.10.Final}
2020-02-11 20:48:26 INFO  Version:49 - HCANN000001: Hibernate Commons Annotations {5.1.0.Final}
2020-02-11 20:48:28 INFO  Dialect:172 - HHH000400: Using dialect: org.hibernate.dialect.PostgreSQLDialect
2020-02-11 20:48:35 INFO  Version:21 - HV000001: Hibernate Validator 6.0.17.Final
2020-02-11 20:48:36 INFO  JtaPlatformInitiator:52 - HHH000490: Using JtaPlatform implementation: [org.hibernate.engine.transaction.jta.platform.internal.NoJtaPlatform]
2020-02-11 20:53:11 INFO  Version:46 - HHH000412: Hibernate Core {5.4.10.Final}
2020-02-11 20:53:11 INFO  Version:49 - HCANN000001: Hibernate Commons Annotations {5.1.0.Final}
2020-02-11 20:53:14 INFO  Dialect:172 - HHH000400: Using dialect: org.hibernate.dialect.PostgreSQLDialect
2020-02-11 20:53:21 INFO  Version:21 - HV000001: Hibernate Validator 6.0.17.Final
2020-02-11 20:53:22 INFO  JtaPlatformInitiator:52 - HHH000490: Using JtaPlatform implementation: [org.hibernate.engine.transaction.jta.platform.internal.NoJtaPlatform]
2020-02-11 20:55:01 INFO  Version:46 - HHH000412: Hibernate Core {5.4.10.Final}
2020-02-11 20:55:01 INFO  Version:49 - HCANN000001: Hibernate Commons Annotations {5.1.0.Final}
2020-02-11 20:55:03 INFO  Dialect:172 - HHH000400: Using dialect: org.hibernate.dialect.PostgreSQLDialect
2020-02-11 20:55:10 INFO  Version:21 - HV000001: Hibernate Validator 6.0.17.Final
2020-02-11 20:55:12 INFO  JtaPlatformInitiator:52 - HHH000490: Using JtaPlatform implementation: [org.hibernate.engine.transaction.jta.platform.internal.NoJtaPlatform]
2020-02-11 20:55:31 INFO  Version:46 - HHH000412: Hibernate Core {5.4.10.Final}
2020-02-11 20:55:32 INFO  Version:49 - HCANN000001: Hibernate Commons Annotations {5.1.0.Final}
2020-02-11 20:55:33 INFO  Dialect:172 - HHH000400: Using dialect: org.hibernate.dialect.PostgreSQLDialect
2020-02-11 20:55:39 INFO  Version:21 - HV000001: Hibernate Validator 6.0.17.Final
2020-02-11 20:55:41 INFO  JtaPlatformInitiator:52 - HHH000490: Using JtaPlatform implementation: [org.hibernate.engine.transaction.jta.platform.internal.NoJtaPlatform]
2020-02-11 21:02:06 INFO  Version:46 - HHH000412: Hibernate Core {5.4.10.Final}
2020-02-11 21:02:06 INFO  Version:49 - HCANN000001: Hibernate Commons Annotations {5.1.0.Final}
2020-02-11 21:02:09 INFO  Dialect:172 - HHH000400: Using dialect: org.hibernate.dialect.PostgreSQLDialect
2020-02-11 21:02:16 INFO  Version:21 - HV000001: Hibernate Validator 6.0.17.Final
2020-02-11 21:02:17 INFO  JtaPlatformInitiator:52 - HHH000490: Using JtaPlatform implementation: [org.hibernate.engine.transaction.jta.platform.internal.NoJtaPlatform]
2020-02-11 21:04:00 INFO  Version:46 - HHH000412: Hibernate Core {5.4.10.Final}
2020-02-11 21:04:01 INFO  Version:49 - HCANN000001: Hibernate Commons Annotations {5.1.0.Final}
2020-02-11 21:04:05 INFO  Dialect:172 - HHH000400: Using dialect: org.hibernate.dialect.PostgreSQLDialect
2020-02-11 21:04:12 INFO  Version:21 - HV000001: Hibernate Validator 6.0.17.Final
2020-02-11 21:04:13 INFO  JtaPlatformInitiator:52 - HHH000490: Using JtaPlatform implementation: [org.hibernate.engine.transaction.jta.platform.internal.NoJtaPlatform]
2020-02-11 21:24:10 INFO  Version:46 - HHH000412: Hibernate Core {5.4.10.Final}
2020-02-11 21:24:11 INFO  Version:49 - HCANN000001: Hibernate Commons Annotations {5.1.0.Final}
2020-02-11 21:24:14 INFO  Dialect:172 - HHH000400: Using dialect: org.hibernate.dialect.PostgreSQLDialect
2020-02-11 21:24:23 INFO  Version:21 - HV000001: Hibernate Validator 6.0.17.Final
2020-02-11 21:24:25 INFO  JtaPlatformInitiator:52 - HHH000490: Using JtaPlatform implementation: [org.hibernate.engine.transaction.jta.platform.internal.NoJtaPlatform]
2020-02-11 21:25:42 INFO  Version:46 - HHH000412: Hibernate Core {5.4.10.Final}
2020-02-11 21:25:42 INFO  Version:49 - HCANN000001: Hibernate Commons Annotations {5.1.0.Final}
2020-02-11 21:25:45 INFO  Dialect:172 - HHH000400: Using dialect: org.hibernate.dialect.PostgreSQLDialect
2020-02-11 21:25:57 INFO  Version:21 - HV000001: Hibernate Validator 6.0.17.Final
2020-02-11 21:26:00 INFO  JtaPlatformInitiator:52 - HHH000490: Using JtaPlatform implementation: [org.hibernate.engine.transaction.jta.platform.internal.NoJtaPlatform]
2020-02-11 21:27:25 INFO  Version:46 - HHH000412: Hibernate Core {5.4.10.Final}
2020-02-11 21:27:25 INFO  Version:49 - HCANN000001: Hibernate Commons Annotations {5.1.0.Final}
2020-02-11 21:27:35 INFO  Dialect:172 - HHH000400: Using dialect: org.hibernate.dialect.PostgreSQLDialect
2020-02-11 21:27:42 INFO  Version:21 - HV000001: Hibernate Validator 6.0.17.Final
2020-02-11 21:27:44 INFO  JtaPlatformInitiator:52 - HHH000490: Using JtaPlatform implementation: [org.hibernate.engine.transaction.jta.platform.internal.NoJtaPlatform]
2020-02-11 21:28:23 INFO  Version:46 - HHH000412: Hibernate Core {5.4.10.Final}
2020-02-11 21:28:24 INFO  Version:49 - HCANN000001: Hibernate Commons Annotations {5.1.0.Final}
2020-02-11 21:28:28 INFO  Dialect:172 - HHH000400: Using dialect: org.hibernate.dialect.PostgreSQLDialect
2020-02-11 21:28:39 INFO  Version:21 - HV000001: Hibernate Validator 6.0.17.Final
2020-02-11 21:28:41 INFO  JtaPlatformInitiator:52 - HHH000490: Using JtaPlatform implementation: [org.hibernate.engine.transaction.jta.platform.internal.NoJtaPlatform]
2020-02-11 21:34:04 INFO  Version:46 - HHH000412: Hibernate Core {5.4.10.Final}
2020-02-11 21:34:04 INFO  Version:49 - HCANN000001: Hibernate Commons Annotations {5.1.0.Final}
2020-02-11 21:34:14 INFO  Dialect:172 - HHH000400: Using dialect: org.hibernate.dialect.PostgreSQLDialect
2020-02-11 21:34:21 INFO  Version:21 - HV000001: Hibernate Validator 6.0.17.Final
2020-02-11 21:34:23 INFO  JtaPlatformInitiator:52 - HHH000490: Using JtaPlatform implementation: [org.hibernate.engine.transaction.jta.platform.internal.NoJtaPlatform]
